Arguments: 
  D:\App\nodejs\node.exe C:\Users\Lenovo\AppData\Roaming\npm\node_modules\yarn\bin\yarn.js add qiankun -s

PATH: 
  D:\App\Java\jdk1.8.0_341in;D:\App\Java\jdk1.8.0_341jre\bin;D:\App\VMware Workstation\bin\;C:\Program Files (x86)\Common Files\Oracle\Java\javapath;C:\Windows\system32;C:\Windows;C:\Windows\System32\Wbem;C:\Windows\System32\WindowsPowerShell\v1.0\;C:\Windows\System32\OpenSSH\;C:\Program Files (x86)\NVIDIA Corporation\PhysX\Common;D:\App\Git\cmd;D:\App\TortoiseGit\bin;D:\App\apache-maven-3.8.5\bin;D:\App\erl-24.3.4\bin;C:\WINDOWS\system32;C:\WINDOWS;C:\WINDOWS\System32\Wbem;C:\WINDOWS\System32\WindowsPowerShell\v1.0\;C:\WINDOWS\System32\OpenSSH\;D:\App\微信web开发者工具\dll;D:\App\nodejs\;C:\Users\Lenovo\AppData\Local\Microsoft\WindowsApps;D:\App\IntelliJ IDEA 2021.3.2\bin;D:\App\Fiddler;C:\Users\Lenovo\AppData\Local\Microsoft\WindowsApps;D:\App\Java\jdk1.8.0_341\bin;D:\App\Java\jdk1.8.0_341\jre\bin;D:\App\Microsoft VS Code\bin;C:\Users\Lenovo\AppData\Roaming\npm

Yarn version: 
  1.22.19

Node version: 
  16.16.0

Platform: 
  win32 x64

Trace: 
  Error: Client network socket disconnected before secure TLS connection was established
      at connResetException (node:internal/errors:692:14)
      at TLSSocket.onConnectEnd (node:_tls_wrap:1587:19)
      at TLSSocket.emit (node:events:539:35)
      at endReadableNT (node:internal/streams/readable:1345:12)
      at processTicksAndRejections (node:internal/process/task_queues:83:21)

npm manifest: 
  {
    "name": "vue3_cli_default",
    "version": "0.0.0",
    "scripts": {
      "dev": "vite",
      "build": "vite build",
      "serve": "vite preview"
    },
    "dependencies": {
      "vue": "^3.2.8"
    },
    "devDependencies": {
      "@vitejs/plugin-vue": "^1.6.0",
      "@vue/compiler-sfc": "^3.2.6",
      "vite": "^2.5.2"
    }
  }

yarn manifest: 
  No manifest

Lockfile: 
  No lockfile
